<?xml version="1.0" encoding="UTF-8"?>
<!-- Generated by org.testng.reporters.JUnitXMLReporter -->
<testsuite ignored="0" hostname="Aniks-Air.lan" failures="0" tests="4" name="Test" time="110.963" errors="0" timestamp="2023-01-04T22:51:33 EST">
  <testcase classname="amazontestng.amazontest1" name="f" time="26.917"/>
  <testcase classname="amazontestng.amazontest1" name="f" time="26.827"/>
  <testcase classname="amazontestng.amazontest1" name="f" time="26.813"/>
  <testcase classname="amazontestng.amazontest1" name="f" time="26.908"/>
</testsuite> <!-- Test -->
