<?xml version="1.0" encoding="UTF-8"?>
<testng-results ignored="0" total="4" passed="4" failed="0" skipped="0">
  <reporter-output>
  </reporter-output>
  <suite started-at="2023-01-04T22:49:42 EST" name="Suite" finished-at="2023-01-04T22:51:33 EST" duration-ms="110963">
    <groups>
    </groups>
    <test started-at="2023-01-04T22:49:42 EST" name="Test" finished-at="2023-01-04T22:51:33 EST" duration-ms="110963">
      <class name="amazontestng.amazontest1">
        <test-method is-config="true" signature="Ibrowsers(java.lang.String,java.lang.String)[pri:0, instance:amazontestng.amazontest1@27ce24aa]" started-at="2023-01-04T22:49:42 EST" name="Ibrowsers" finished-at="2023-01-04T22:49:46 EST" duration-ms="3069" status="PASS">
          <params>
            <param index="0">
              <value>
                <![CDATA[chrome]]>
              </value>
            </param>
            <param index="1">
              <value>
                <![CDATA[https://www.amazon.com/]]>
              </value>
            </param>
          </params>
          <reporter-output>
          </reporter-output>
        </test-method> <!-- Ibrowsers -->
        <test-method signature="f(java.lang.String,java.lang.String,java.lang.String,java.lang.String)[pri:0, instance:amazontestng.amazontest1@27ce24aa]" started-at="2023-01-04T22:49:46 EST" name="f" data-provider="amazondata" finished-at="2023-01-04T22:50:13 EST" duration-ms="26917" status="PASS">
          <params>
            <param index="0">
              <value>
                <![CDATA[alomfaruk]]>
              </value>
            </param>
            <param index="1">
              <value>
                <![CDATA[farukalom123@gmail]]>
              </value>
            </param>
            <param index="2">
              <value>
                <![CDATA[alom12@#]]>
              </value>
            </param>
            <param index="3">
              <value>
                <![CDATA[alom12@#]]>
              </value>
            </param>
          </params>
          <reporter-output>
          </reporter-output>
        </test-method> <!-- f -->
        <test-method is-config="true" signature="afterMethod()[pri:0, instance:amazontestng.amazontest1@27ce24aa]" started-at="2023-01-04T22:50:13 EST" name="afterMethod" finished-at="2023-01-04T22:50:13 EST" duration-ms="1" status="PASS">
          <reporter-output>
          </reporter-output>
        </test-method> <!-- afterMethod -->
        <test-method signature="f(java.lang.String,java.lang.String,java.lang.String,java.lang.String)[pri:0, instance:amazontestng.amazontest1@27ce24aa]" started-at="2023-01-04T22:50:13 EST" name="f" data-provider="amazondata" finished-at="2023-01-04T22:50:40 EST" duration-ms="26827" status="PASS">
          <params>
            <param index="0">
              <value>
                <![CDATA[miremon]]>
              </value>
            </param>
            <param index="1">
              <value>
                <![CDATA[miremon123@gmail]]>
              </value>
            </param>
            <param index="2">
              <value>
                <![CDATA[emon12@#]]>
              </value>
            </param>
            <param index="3">
              <value>
                <![CDATA[emon12@#]]>
              </value>
            </param>
          </params>
          <reporter-output>
          </reporter-output>
        </test-method> <!-- f -->
        <test-method is-config="true" signature="afterMethod()[pri:0, instance:amazontestng.amazontest1@27ce24aa]" started-at="2023-01-04T22:50:40 EST" name="afterMethod" finished-at="2023-01-04T22:50:40 EST" duration-ms="1" status="PASS">
          <reporter-output>
          </reporter-output>
        </test-method> <!-- afterMethod -->
        <test-method signature="f(java.lang.String,java.lang.String,java.lang.String,java.lang.String)[pri:0, instance:amazontestng.amazontest1@27ce24aa]" started-at="2023-01-04T22:50:40 EST" name="f" data-provider="amazondata" finished-at="2023-01-04T22:51:06 EST" duration-ms="26813" status="PASS">
          <params>
            <param index="0">
              <value>
                <![CDATA[evanshams]]>
              </value>
            </param>
            <param index="1">
              <value>
                <![CDATA[evanshams123@gmail]]>
              </value>
            </param>
            <param index="2">
              <value>
                <![CDATA[evan123@#]]>
              </value>
            </param>
            <param index="3">
              <value>
                <![CDATA[evan123@#]]>
              </value>
            </param>
          </params>
          <reporter-output>
          </reporter-output>
        </test-method> <!-- f -->
        <test-method is-config="true" signature="afterMethod()[pri:0, instance:amazontestng.amazontest1@27ce24aa]" started-at="2023-01-04T22:51:06 EST" name="afterMethod" finished-at="2023-01-04T22:51:06 EST" duration-ms="1" status="PASS">
          <reporter-output>
          </reporter-output>
        </test-method> <!-- afterMethod -->
        <test-method signature="f(java.lang.String,java.lang.String,java.lang.String,java.lang.String)[pri:0, instance:amazontestng.amazontest1@27ce24aa]" started-at="2023-01-04T22:51:06 EST" name="f" data-provider="amazondata" finished-at="2023-01-04T22:51:33 EST" duration-ms="26908" status="PASS">
          <params>
            <param index="0">
              <value>
                <![CDATA[ummeakter]]>
              </value>
            </param>
            <param index="1">
              <value>
                <![CDATA[umme12@gmail]]>
              </value>
            </param>
            <param index="2">
              <value>
                <![CDATA[umme12@#]]>
              </value>
            </param>
            <param index="3">
              <value>
                <![CDATA[umme12@#]]>
              </value>
            </param>
          </params>
          <reporter-output>
          </reporter-output>
        </test-method> <!-- f -->
        <test-method is-config="true" signature="afterMethod()[pri:0, instance:amazontestng.amazontest1@27ce24aa]" started-at="2023-01-04T22:51:33 EST" name="afterMethod" finished-at="2023-01-04T22:51:33 EST" duration-ms="0" status="PASS">
          <reporter-output>
          </reporter-output>
        </test-method> <!-- afterMethod -->
        <test-method is-config="true" signature="afterClass()[pri:0, instance:amazontestng.amazontest1@27ce24aa]" started-at="2023-01-04T22:51:33 EST" name="afterClass" finished-at="2023-01-04T22:51:33 EST" duration-ms="119" status="PASS">
          <reporter-output>
          </reporter-output>
        </test-method> <!-- afterClass -->
      </class> <!-- amazontestng.amazontest1 -->
    </test> <!-- Test -->
  </suite> <!-- Suite -->
</testng-results>
